<?xml version="1.0" encoding="UTF-8"?>
<!-- Generated by org.testng.reporters.JUnitReportReporter -->
<testsuite skipped="0" hostname="DESKTOP-E1K2OQS" name="SeleniumLearning.SeleniumTest" tests="3" failures="0" timestamp="20 Jan 2018 03:10:05 GMT" time="0.001" errors="0">
  <testcase name="helloWorld1" time="0.000" classname="SeleniumLearning.SeleniumTest"/>
  <testcase name="helloWorld3" time="0.000" classname="SeleniumLearning.SeleniumTest"/>
  <testcase name="helloWorld" time="0.001" classname="SeleniumLearning.SeleniumTest"/>
</testsuite> <!-- SeleniumLearning.SeleniumTest -->
