<?xml version="1.0" encoding="UTF-8"?>
<!-- Generated by org.testng.reporters.JUnitReportReporter -->
<testsuite skipped="0" hostname="DESKTOP-E1K2OQS" name="SeleniumLearning.TestNG2Test" tests="3" failures="0" timestamp="20 Jan 2018 03:10:05 GMT" time="0.000" errors="0">
  <testcase name="helloWorldTestNG2" time="0.000" classname="SeleniumLearning.TestNG2Test"/>
  <testcase name="helloWorldTestNG21" time="0.000" classname="SeleniumLearning.TestNG2Test"/>
  <testcase name="helloWorldTestNG23" time="0.000" classname="SeleniumLearning.TestNG2Test"/>
</testsuite> <!-- SeleniumLearning.TestNG2Test -->
