<?xml version="1.0" encoding="UTF-8"?>
<!-- Generated by org.testng.reporters.JUnitReportReporter -->
<testsuite skipped="0" hostname="DESKTOP-E1K2OQS" name="SeleniumLearning.AppiumTest" tests="3" failures="0" timestamp="20 Jan 2018 03:10:05 GMT" time="0.014" errors="0">
  <testcase name="helloWorldAppium1" time="0.000" classname="SeleniumLearning.AppiumTest"/>
  <testcase name="helloWorldAppium3" time="0.003" classname="SeleniumLearning.AppiumTest"/>
  <testcase name="helloWorldAppium" time="0.011" classname="SeleniumLearning.AppiumTest"/>
</testsuite> <!-- SeleniumLearning.AppiumTest -->
